# JRE version: OpenJDK Runtime Environment (8.0_152-b01) (build 1.8.0_152-release-915-b01)
# Java VM: OpenJDK 64-Bit Server VM (25.152-b01 mixed mode windows-amd64 compressed oops)
Heap:
 PSYoungGen      total 158208K, used 115685K [0x00000000e0000000, 0x00000000ed300000, 0x0000000100000000)
  eden space 136192K, 68% used [0x00000000e0000000,0x00000000e5b7dd78,0x00000000e8500000)
  from space 22016K, 99% used [0x00000000e8500000,0x00000000e9a7b740,0x00000000e9a80000)
  to   space 31744K, 0% used [0x00000000eb400000,0x00000000eb400000,0x00000000ed300000)
 ParOldGen       total 120832K, used 67026K [0x00000000a0000000, 0x00000000a7600000, 0x00000000e0000000)
  object space 120832K, 55% used [0x00000000a0000000,0x00000000a4174880,0x00000000a7600000)
 Metaspace       used 65462K, capacity 68426K, committed 68608K, reserved 1107968K
  class space    used 8654K, capacity 9409K, committed 9472K, reserved 1048576K
GC Heap History (10 events):
Event: 38.745 GC heap before
{Heap before GC invocations=20 (full 3):
 PSYoungGen      total 129024K, used 7090K [0x00000000e0000000, 0x00000000ea800000, 0x0000000100000000)
  eden space 107008K, 0% used [0x00000000e0000000,0x00000000e0000000,0x00000000e6880000)
  from space 22016K, 32% used [0x00000000e6880000,0x00000000e6f6cb08,0x00000000e7e00000)
  to   space 21504K, 0% used [0x00000000e9300000,0x00000000e9300000,0x00000000ea800000)
 ParOldGen       total 62464K, used 52070K [0x00000000a0000000, 0x00000000a3d00000, 0x00000000e0000000)
  object space 62464K, 83% used [0x00000000a0000000,0x00000000a32d9b58,0x00000000a3d00000)
 Metaspace       used 56603K, capacity 58868K, committed 59008K, reserved 1099776K
  class space    used 7724K, capacity 8315K, committed 8320K, reserved 1048576K
Event: 39.279 GC heap after
Heap after GC invocations=20 (full 3):
 PSYoungGen      total 129024K, used 0K [0x00000000e0000000, 0x00000000ea800000, 0x0000000100000000)
  eden space 107008K, 0% used [0x00000000e0000000,0x00000000e0000000,0x00000000e6880000)
  from space 22016K, 0% used [0x00000000e6880000,0x00000000e6880000,0x00000000e7e00000)
  to   space 21504K, 0% used [0x00000000e9300000,0x00000000e9300000,0x00000000ea800000)
 ParOldGen       total 120832K, used 50944K [0x00000000a0000000, 0x00000000a7600000, 0x00000000e0000000)
  object space 120832K, 42% used [0x00000000a0000000,0x00000000a31c0340,0x00000000a7600000)
 Metaspace       used 56603K, capacity 58868K, committed 59008K, reserved 1099776K
  class space    used 7724K, capacity 8315K, committed 8320K, reserved 1048576K
}
Event: 80.162 GC heap before
{Heap before GC invocations=21 (full 3):
 PSYoungGen      total 129024K, used 107008K [0x00000000e0000000, 0x00000000ea800000, 0x0000000100000000)
  eden space 107008K, 100% used [0x00000000e0000000,0x00000000e6880000,0x00000000e6880000)
  from space 22016K, 0% used [0x00000000e6880000,0x00000000e6880000,0x00000000e7e00000)
  to   space 21504K, 0% used [0x00000000e9300000,0x00000000e9300000,0x00000000ea800000)
 ParOldGen       total 120832K, used 50946K [0x00000000a0000000, 0x00000000a7600000, 0x00000000e0000000)
  object space 120832K, 42% used [0x00000000a0000000,0x00000000a31c08e0,0x00000000a7600000)
 Metaspace       used 58966K, capacity 61292K, committed 61440K, reserved 1101824K
  class space    used 7990K, capacity 8645K, committed 8704K, reserved 1048576K
Event: 80.174 GC heap after
Heap after GC invocations=21 (full 3):
 PSYoungGen      total 136192K, used 3545K [0x00000000e0000000, 0x00000000ea080000, 0x0000000100000000)
  eden space 122368K, 0% used [0x00000000e0000000,0x00000000e0000000,0x00000000e7780000)
  from space 13824K, 25% used [0x00000000e9300000,0x00000000e9676450,0x00000000ea080000)
  to   space 20992K, 0% used [0x00000000e7780000,0x00000000e7780000,0x00000000e8c00000)
 ParOldGen       total 120832K, used 50954K [0x00000000a0000000, 0x00000000a7600000, 0x00000000e0000000)
  object space 120832K, 42% used [0x00000000a0000000,0x00000000a31c28e0,0x00000000a7600000)
 Metaspace       used 58966K, capacity 61292K, committed 61440K, reserved 1101824K
  class space    used 7990K, capacity 8645K, committed 8704K, reserved 1048576K
}
Event: 90.208 GC heap before
{Heap before GC invocations=22 (full 3):
 PSYoungGen      total 136192K, used 125913K [0x00000000e0000000, 0x00000000ea080000, 0x0000000100000000)
  eden space 122368K, 100% used [0x00000000e0000000,0x00000000e7780000,0x00000000e7780000)
  from space 13824K, 25% used [0x00000000e9300000,0x00000000e9676450,0x00000000ea080000)
  to   space 20992K, 0% used [0x00000000e7780000,0x00000000e7780000,0x00000000e8c00000)
 ParOldGen       total 120832K, used 50959K [0x00000000a0000000, 0x00000000a7600000, 0x00000000e0000000)
  object space 120832K, 42% used [0x00000000a0000000,0x00000000a31c3fb0,0x00000000a7600000)
 Metaspace       used 63230K, capacity 66180K, committed 66304K, reserved 1105920K
  class space    used 8388K, capacity 9128K, committed 9216K, reserved 1048576K
Event: 90.236 GC heap after
Heap after GC invocations=22 (full 3):
 PSYoungGen      total 143360K, used 10252K [0x00000000e0000000, 0x00000000eae80000, 0x0000000100000000)
  eden space 122368K, 0% used [0x00000000e0000000,0x00000000e0000000,0x00000000e7780000)
  from space 20992K, 48% used [0x00000000e7780000,0x00000000e81830b0,0x00000000e8c00000)
  to   space 20480K, 0% used [0x00000000e9a80000,0x00000000e9a80000,0x00000000eae80000)
 ParOldGen       total 120832K, used 50967K [0x00000000a0000000, 0x00000000a7600000, 0x00000000e0000000)
  object space 120832K, 42% used [0x00000000a0000000,0x00000000a31c5fb0,0x00000000a7600000)
 Metaspace       used 63230K, capacity 66180K, committed 66304K, reserved 1105920K
  class space    used 8388K, capacity 9128K, committed 9216K, reserved 1048576K
}
Event: 102.287 GC heap before
{Heap before GC invocations=23 (full 3):
 PSYoungGen      total 143360K, used 132620K [0x00000000e0000000, 0x00000000eae80000, 0x0000000100000000)
  eden space 122368K, 100% used [0x00000000e0000000,0x00000000e7780000,0x00000000e7780000)
  from space 20992K, 48% used [0x00000000e7780000,0x00000000e81830b0,0x00000000e8c00000)
  to   space 20480K, 0% used [0x00000000e9a80000,0x00000000e9a80000,0x00000000eae80000)
 ParOldGen       total 120832K, used 50967K [0x00000000a0000000, 0x00000000a7600000, 0x00000000e0000000)
  object space 120832K, 42% used [0x00000000a0000000,0x00000000a31c5fb0,0x00000000a7600000)
 Metaspace       used 64305K, capacity 67280K, committed 67456K, reserved 1107968K
  class space    used 8541K, capacity 9308K, committed 9344K, reserved 1048576K
Event: 102.336 GC heap after
Heap after GC invocations=23 (full 3):
 PSYoungGen      total 156672K, used 16701K [0x00000000e0000000, 0x00000000eb000000, 0x0000000100000000)
  eden space 136192K, 0% used [0x00000000e0000000,0x00000000e0000000,0x00000000e8500000)
  from space 20480K, 81% used [0x00000000e9a80000,0x00000000eaacf798,0x00000000eae80000)
  to   space 22016K, 0% used [0x00000000e8500000,0x00000000e8500000,0x00000000e9a80000)
 ParOldGen       total 120832K, used 50975K [0x00000000a0000000, 0x00000000a7600000, 0x00000000e0000000)
  object space 120832K, 42% used [0x00000000a0000000,0x00000000a31c7fb0,0x00000000a7600000)
 Metaspace       used 64305K, capacity 67280K, committed 67456K, reserved 1107968K
  class space    used 8541K, capacity 9308K, committed 9344K, reserved 1048576K
}
Event: 113.162 GC heap before
{Heap before GC invocations=24 (full 3):
 PSYoungGen      total 156672K, used 152893K [0x00000000e0000000, 0x00000000eb000000, 0x0000000100000000)
  eden space 136192K, 100% used [0x00000000e0000000,0x00000000e8500000,0x00000000e8500000)
  from space 20480K, 81% used [0x00000000e9a80000,0x00000000eaacf798,0x00000000eae80000)
  to   space 22016K, 0% used [0x00000000e8500000,0x00000000e8500000,0x00000000e9a80000)
 ParOldGen       total 120832K, used 50975K [0x00000000a0000000, 0x00000000a7600000, 0x00000000e0000000)
  object space 120832K, 42% used [0x00000000a0000000,0x00000000a31c7fb0,0x00000000a7600000)
 Metaspace       used 65458K, capacity 68426K, committed 68608K, reserved 1107968K
  class space    used 8654K, capacity 9409K, committed 9472K, reserved 1048576K
Event: 113.259 GC heap after
Heap after GC invocations=24 (full 3):
 PSYoungGen      total 158208K, used 21997K [0x00000000e0000000, 0x00000000ed300000, 0x0000000100000000)
  eden space 136192K, 0% used [0x00000000e0000000,0x00000000e0000000,0x00000000e8500000)
  from space 22016K, 99% used [0x00000000e8500000,0x00000000e9a7b740,0x00000000e9a80000)
  to   space 31744K, 0% used [0x00000000eb400000,0x00000000eb400000,0x00000000ed300000)
 ParOldGen       total 120832K, used 67026K [0x00000000a0000000, 0x00000000a7600000, 0x00000000e0000000)
  object space 120832K, 55% used [0x00000000a0000000,0x00000000a4174880,0x00000000a7600000)
 Metaspace       used 65458K, capacity 68426K, committed 68608K, reserved 1107968K
  class space    used 8654K, capacity 9409K, committed 9472K, reserved 1048576K
}

